<?xml version="1.0" encoding="UTF-8"?>
<testsuite xmlns:xsi="http://www.w3.org/2001/XMLSchema-instance" xsi:noNamespaceSchemaLocation="https://maven.apache.org/surefire/maven-surefire-plugin/xsd/surefire-test-report-3.0.xsd" version="3.0" name="db.DBUtilsTest" time="1.079" tests="5" errors="0" skipped="0" failures="0">
  <properties>
[...]
</properties>
  <testcase name="testDeleteCustomers" classname="db.DBUtilsTest" time="0.88">
    <system-out><![CDATA[deleteCustomer
Customer added: delete@example.com (Rows affected: 1)
Running getCustomer with email: delete@example.com
No customer found for email: delete@example.com
]]></system-out>
  </testcase>
  <testcase name="testAddCustomers" classname="db.DBUtilsTest" time="0.028">
    <system-out><![CDATA[addCustomer
Customer added: test@example.com (Rows affected: 1)
]]></system-out>
  </testcase>
  <testcase name="testGetCustomers" classname="db.DBUtilsTest" time="0.012">
    <system-out><![CDATA[getCustomers
]]></system-out>
    <system-err><![CDATA[Loading class `com.mysql.jdbc.Driver'. This is deprecated. The new driver class is `com.mysql.cj.jdbc.Driver'. The driver is automatically registered via the SPI and manual loading of the driver class is generally unnecessary.
]]></system-err>
  </testcase>
  <testcase name="testUpdateCustomers" classname="db.DBUtilsTest" time="0.032">
    <system-out><![CDATA[updateCustomer
Customer added: update@example.com (Rows affected: 1)
]]></system-out>
  </testcase>
  <testcase name="testGetCustomer" classname="db.DBUtilsTest" time="0.037">
    <system-out><![CDATA[Customer added: test@gmail.com (Rows affected: 1)
Running getCustomer with email: test@gmail.com
Customer found: Carlos Sainz (test@gmail.com)
Running getCustomer with email: test@gmail.com
No customer found for email: test@gmail.com
]]></system-out>
  </testcase>
</testsuite>